# JRE version: Java(TM) SE Runtime Environment 18.9 (11.0.18+9) (build 11.0.18+9-LTS-195)
# Java VM: Java HotSpot(TM) 64-Bit Server VM 18.9 (11.0.18+9-LTS-195, mixed mode, tiered, compressed oops, g1 gc, windows-amd64)
Heap:
 garbage-first heap   total 262144K, used 57856K [0x00000000e0000000, 0x0000000100000000)
  region size 1024K, 6 young (6144K), 1 survivors (1024K)
 Metaspace       used 74852K, capacity 77357K, committed 77568K, reserved 452608K
  class space    used 9712K, capacity 10734K, committed 10752K, reserved 385024K
GC Heap History (10 events):
Event: 206.116 GC heap before
{Heap before GC invocations=12 (full 0):
 garbage-first heap   total 262144K, used 179338K [0x00000000e0000000, 0x0000000100000000)
  region size 1024K, 153 young (156672K), 13 survivors (13312K)
 Metaspace       used 61977K, capacity 63696K, committed 63872K, reserved 440320K
  class space    used 8071K, capacity 8726K, committed 8832K, reserved 385024K
}
Event: 206.195 GC heap after
{Heap after GC invocations=13 (full 0):
 garbage-first heap   total 262144K, used 37432K [0x00000000e0000000, 0x0000000100000000)
  region size 1024K, 14 young (14336K), 14 survivors (14336K)
 Metaspace       used 61977K, capacity 63696K, committed 63872K, reserved 440320K
  class space    used 8071K, capacity 8726K, committed 8832K, reserved 385024K
}
Event: 466.113 GC heap before
{Heap before GC invocations=13 (full 0):
 garbage-first heap   total 262144K, used 178744K [0x00000000e0000000, 0x0000000100000000)
  region size 1024K, 153 young (156672K), 14 survivors (14336K)
 Metaspace       used 71146K, capacity 73461K, committed 73728K, reserved 448512K
  class space    used 9461K, capacity 10409K, committed 10496K, reserved 385024K
}
Event: 466.177 GC heap after
{Heap after GC invocations=14 (full 0):
 garbage-first heap   total 262144K, used 47096K [0x00000000e0000000, 0x0000000100000000)
  region size 1024K, 17 young (17408K), 17 survivors (17408K)
 Metaspace       used 71146K, capacity 73461K, committed 73728K, reserved 448512K
  class space    used 9461K, capacity 10409K, committed 10496K, reserved 385024K
}
Event: 470.539 GC heap before
{Heap before GC invocations=14 (full 0):
 garbage-first heap   total 262144K, used 186360K [0x00000000e0000000, 0x0000000100000000)
  region size 1024K, 153 young (156672K), 17 survivors (17408K)
 Metaspace       used 73149K, capacity 75560K, committed 75904K, reserved 450560K
  class space    used 9550K, capacity 10510K, committed 10624K, reserved 385024K
}
Event: 470.598 GC heap after
{Heap after GC invocations=15 (full 0):
 garbage-first heap   total 262144K, used 54272K [0x00000000e0000000, 0x0000000100000000)
  region size 1024K, 17 young (17408K), 17 survivors (17408K)
 Metaspace       used 73149K, capacity 75560K, committed 75904K, reserved 450560K
  class space    used 9550K, capacity 10510K, committed 10624K, reserved 385024K
}
Event: 1851.120 GC heap before
{Heap before GC invocations=15 (full 0):
 garbage-first heap   total 262144K, used 196608K [0x00000000e0000000, 0x0000000100000000)
  region size 1024K, 153 young (156672K), 17 survivors (17408K)
 Metaspace       used 74842K, capacity 77357K, committed 77568K, reserved 452608K
  class space    used 9712K, capacity 10734K, committed 10752K, reserved 385024K
}
Event: 1852.010 GC heap after
{Heap after GC invocations=16 (full 0):
 garbage-first heap   total 262144K, used 52736K [0x00000000e0000000, 0x0000000100000000)
  region size 1024K, 7 young (7168K), 7 survivors (7168K)
 Metaspace       used 74842K, capacity 77357K, committed 77568K, reserved 452608K
  class space    used 9712K, capacity 10734K, committed 10752K, reserved 385024K
}
Event: 2097.144 GC heap before
{Heap before GC invocations=16 (full 0):
 garbage-first heap   total 262144K, used 56832K [0x00000000e0000000, 0x0000000100000000)
  region size 1024K, 12 young (12288K), 7 survivors (7168K)
 Metaspace       used 74846K, capacity 77357K, committed 77568K, reserved 452608K
  class space    used 9712K, capacity 10734K, committed 10752K, reserved 385024K
}
Event: 2097.182 GC heap after
{Heap after GC invocations=17 (full 0):
 garbage-first heap   total 262144K, used 53760K [0x00000000e0000000, 0x0000000100000000)
  region size 1024K, 1 young (1024K), 1 survivors (1024K)
 Metaspace       used 74846K, capacity 77357K, committed 77568K, reserved 452608K
  class space    used 9712K, capacity 10734K, committed 10752K, reserved 385024K
}

