# JRE version: Java(TM) SE Runtime Environment 18.9 (11.0.18+9) (build 11.0.18+9-LTS-195)
# Java VM: Java HotSpot(TM) 64-Bit Server VM 18.9 (11.0.18+9-LTS-195, mixed mode, tiered, compressed oops, g1 gc, windows-amd64)
Heap:
 garbage-first heap   total 262144K, used 162617K [0x00000000e0000000, 0x0000000100000000)
  region size 1024K, 111 young (113664K), 17 survivors (17408K)
 Metaspace       used 54838K, capacity 56409K, committed 56576K, reserved 303104K
  class space    used 7247K, capacity 7933K, committed 7936K, reserved 253952K
GC Heap History (10 events):
Event: 17.251 GC heap before
{Heap before GC invocations=5 (full 0):
 garbage-first heap   total 262144K, used 48455K [0x00000000e0000000, 0x0000000100000000)
  region size 1024K, 35 young (35840K), 3 survivors (3072K)
 Metaspace       used 20319K, capacity 20796K, committed 20864K, reserved 272384K
  class space    used 2445K, capacity 2636K, committed 2688K, reserved 253952K
}
Event: 17.264 GC heap after
{Heap after GC invocations=6 (full 0):
 garbage-first heap   total 262144K, used 17485K [0x00000000e0000000, 0x0000000100000000)
  region size 1024K, 2 young (2048K), 2 survivors (2048K)
 Metaspace       used 20319K, capacity 20796K, committed 20864K, reserved 272384K
  class space    used 2445K, capacity 2636K, committed 2688K, reserved 253952K
}
Event: 17.439 GC heap before
{Heap before GC invocations=6 (full 0):
 garbage-first heap   total 262144K, used 21581K [0x00000000e0000000, 0x0000000100000000)
  region size 1024K, 7 young (7168K), 2 survivors (2048K)
 Metaspace       used 20680K, capacity 21119K, committed 21248K, reserved 272384K
  class space    used 2518K, capacity 2701K, committed 2816K, reserved 253952K
}
Event: 17.453 GC heap after
{Heap after GC invocations=7 (full 0):
 garbage-first heap   total 262144K, used 17782K [0x00000000e0000000, 0x0000000100000000)
  region size 1024K, 3 young (3072K), 3 survivors (3072K)
 Metaspace       used 20680K, capacity 21119K, committed 21248K, reserved 272384K
  class space    used 2518K, capacity 2701K, committed 2816K, reserved 253952K
}
Event: 22.200 GC heap before
{Heap before GC invocations=8 (full 0):
 garbage-first heap   total 262144K, used 58742K [0x00000000e0000000, 0x0000000100000000)
  region size 1024K, 43 young (44032K), 3 survivors (3072K)
 Metaspace       used 24499K, capacity 25179K, committed 25472K, reserved 276480K
  class space    used 3152K, capacity 3403K, committed 3456K, reserved 253952K
}
Event: 22.230 GC heap after
{Heap after GC invocations=9 (full 0):
 garbage-first heap   total 262144K, used 19001K [0x00000000e0000000, 0x0000000100000000)
  region size 1024K, 4 young (4096K), 4 survivors (4096K)
 Metaspace       used 24499K, capacity 25179K, committed 25472K, reserved 276480K
  class space    used 3152K, capacity 3403K, committed 3456K, reserved 253952K
}
Event: 32.579 GC heap before
{Heap before GC invocations=9 (full 0):
 garbage-first heap   total 262144K, used 153145K [0x00000000e0000000, 0x0000000100000000)
  region size 1024K, 109 young (111616K), 4 survivors (4096K)
 Metaspace       used 34870K, capacity 35811K, committed 35840K, reserved 284672K
  class space    used 4749K, capacity 5100K, committed 5120K, reserved 253952K
}
Event: 32.609 GC heap after
{Heap after GC invocations=10 (full 0):
 garbage-first heap   total 262144K, used 52706K [0x00000000e0000000, 0x0000000100000000)
  region size 1024K, 10 young (10240K), 10 survivors (10240K)
 Metaspace       used 34870K, capacity 35811K, committed 35840K, reserved 284672K
  class space    used 4749K, capacity 5100K, committed 5120K, reserved 253952K
}
Event: 40.656 GC heap before
{Heap before GC invocations=11 (full 0):
 garbage-first heap   total 262144K, used 186850K [0x00000000e0000000, 0x0000000100000000)
  region size 1024K, 133 young (136192K), 10 survivors (10240K)
 Metaspace       used 47393K, capacity 48682K, committed 48768K, reserved 296960K
  class space    used 6054K, capacity 6526K, committed 6528K, reserved 253952K
}
Event: 40.736 GC heap after
{Heap after GC invocations=12 (full 0):
 garbage-first heap   total 262144K, used 67385K [0x00000000e0000000, 0x0000000100000000)
  region size 1024K, 17 young (17408K), 17 survivors (17408K)
 Metaspace       used 47393K, capacity 48682K, committed 48768K, reserved 296960K
  class space    used 6054K, capacity 6526K, committed 6528K, reserved 253952K
}

